<?xml version="1.0" encoding="UTF-8"?>
<testsuite name="com.estsoft.estsoftspringproject.JUnitTest" tests="1" skipped="0" failures="0" errors="0" timestamp="2024-10-15T06:39:46" hostname="HSH-DESKTOP" time="0.044">
  <properties/>
  <testcase name="test()" classname="com.estsoft.estsoftspringproject.JUnitTest" time="0.044"/>
  <system-out><![CDATA[]]></system-out>
  <system-err><![CDATA[]]></system-err>
</testsuite>
