<?xml version="1.0" encoding="UTF-8"?>
<testsuite name="com.estsoft.estsoftspringproject.blog.coltroller.BlogControllerTest" tests="1" skipped="0" failures="0" errors="0" timestamp="2024-10-15T06:39:46" hostname="HSH-DESKTOP" time="0.429">
  <properties/>
  <testcase name="addArticle()" classname="com.estsoft.estsoftspringproject.blog.coltroller.BlogControllerTest" time="0.429"/>
  <system-out><![CDATA[2024-10-15T15:39:46.274+09:00  INFO 49860 --- [ESTsoft-spring-project] [    Test worker] t.c.s.AnnotationConfigContextLoaderUtils : Could not detect default configuration classes for test class [com.estsoft.estsoftspringproject.blog.coltroller.BlogControllerTest]: BlogControllerTest does not declare any static, non-private, non-final, nested classes annotated with @Configuration.
2024-10-15T15:39:46.293+09:00  INFO 49860 --- [ESTsoft-spring-project] [    Test worker] .b.t.c.SpringBootTestContextBootstrapper : Found @SpringBootConfiguration com.estsoft.estsoftspringproject.EsTsoftSpringProjectApplication for test class com.estsoft.estsoftspringproject.blog.coltroller.BlogControllerTest

  .   ____          _            __ _ _
 /\\ / ___'_ __ _ _(_)_ __  __ _ \ \ \ \
( ( )\___ | '_ | '_| | '_ \/ _` | \ \ \ \
 \\/  ___)| |_)| | | | | || (_| |  ) ) ) )
  '  |____| .__|_| |_|_| |_\__, | / / / /
 =========|_|==============|___/=/_/_/_/
 :: Spring Boot ::               (v3.2.10)

2024-10-15T15:39:46.321+09:00  INFO 49860 --- [ESTsoft-spring-project] [    Test worker] c.e.e.b.coltroller.BlogControllerTest    : Starting BlogControllerTest using Java 17.0.12 with PID 49860 (started by HSH in D:\ESTsoft\ESTsoft-spring-project)
2024-10-15T15:39:46.321+09:00  INFO 49860 --- [ESTsoft-spring-project] [    Test worker] c.e.e.b.coltroller.BlogControllerTest    : No active profile set, falling back to 1 default profile: "default"
2024-10-15T15:39:46.485+09:00  INFO 49860 --- [ESTsoft-spring-project] [    Test worker] .s.d.r.c.RepositoryConfigurationDelegate : Bootstrapping Spring Data JPA repositories in DEFAULT mode.
2024-10-15T15:39:46.504+09:00  INFO 49860 --- [ESTsoft-spring-project] [    Test worker] .s.d.r.c.RepositoryConfigurationDelegate : Finished Spring Data repository scanning in 18 ms. Found 2 JPA repository interfaces.
2024-10-15T15:39:46.587+09:00  INFO 49860 --- [ESTsoft-spring-project] [    Test worker] com.zaxxer.hikari.HikariDataSource       : HikariPool-2 - Starting...
2024-10-15T15:39:46.588+09:00  INFO 49860 --- [ESTsoft-spring-project] [    Test worker] com.zaxxer.hikari.pool.HikariPool        : HikariPool-2 - Added connection conn10: url=jdbc:h2:mem:testdb user=SA
2024-10-15T15:39:46.589+09:00  INFO 49860 --- [ESTsoft-spring-project] [    Test worker] com.zaxxer.hikari.HikariDataSource       : HikariPool-2 - Start completed.
2024-10-15T15:39:46.590+09:00  INFO 49860 --- [ESTsoft-spring-project] [    Test worker] o.hibernate.jpa.internal.util.LogHelper  : HHH000204: Processing PersistenceUnitInfo [name: default]
2024-10-15T15:39:46.596+09:00  INFO 49860 --- [ESTsoft-spring-project] [    Test worker] o.h.c.internal.RegionFactoryInitiator    : HHH000026: Second-level cache disabled
2024-10-15T15:39:46.605+09:00  INFO 49860 --- [ESTsoft-spring-project] [    Test worker] o.s.o.j.p.SpringPersistenceUnitInfo      : No LoadTimeWeaver setup: ignoring JPA class transformer
2024-10-15T15:39:46.653+09:00  INFO 49860 --- [ESTsoft-spring-project] [    Test worker] o.h.e.t.j.p.i.JtaPlatformInitiator       : HHH000489: No JTA platform available (set 'hibernate.transaction.jta.platform' to enable JTA platform integration)
Hibernate: 
    drop table if exists article cascade 
Hibernate: 
    drop table if exists member cascade 
Hibernate: 
    create table article (
        id bigint generated by default as identity,
        content varchar(255) not null,
        title varchar(255) not null,
        primary key (id)
    )
Hibernate: 
    create table member (
        id bigint generated by default as identity,
        name varchar(255) not null,
        primary key (id)
    )
2024-10-15T15:39:46.660+09:00  INFO 49860 --- [ESTsoft-spring-project] [    Test worker] j.LocalContainerEntityManagerFactoryBean : Initialized JPA EntityManagerFactory for persistence unit 'default'
2024-10-15T15:39:46.719+09:00  WARN 49860 --- [ESTsoft-spring-project] [    Test worker] JpaBaseConfiguration$JpaWebConfiguration : spring.jpa.open-in-view is enabled by default. Therefore, database queries may be performed during view rendering. Explicitly configure spring.jpa.open-in-view to disable this warning
2024-10-15T15:39:46.808+09:00  INFO 49860 --- [ESTsoft-spring-project] [    Test worker] o.s.b.a.h2.H2ConsoleAutoConfiguration    : H2 console available at '/h2-console'. Database available at 'jdbc:h2:mem:testdb'
2024-10-15T15:39:46.852+09:00  INFO 49860 --- [ESTsoft-spring-project] [    Test worker] o.s.b.t.m.w.SpringBootMockServletContext : Initializing Spring TestDispatcherServlet ''
2024-10-15T15:39:46.853+09:00  INFO 49860 --- [ESTsoft-spring-project] [    Test worker] o.s.t.web.servlet.TestDispatcherServlet  : Initializing Servlet ''
2024-10-15T15:39:46.855+09:00  INFO 49860 --- [ESTsoft-spring-project] [    Test worker] o.s.t.web.servlet.TestDispatcherServlet  : Completed initialization in 1 ms
2024-10-15T15:39:46.865+09:00  INFO 49860 --- [ESTsoft-spring-project] [    Test worker] c.e.e.b.coltroller.BlogControllerTest    : Started BlogControllerTest in 0.568 seconds (process running for 5.988)
2024-10-15T15:39:46.874+09:00  INFO 49860 --- [ESTsoft-spring-project] [    Test worker] o.s.b.t.m.w.SpringBootMockServletContext : Initializing Spring TestDispatcherServlet ''
2024-10-15T15:39:46.874+09:00  INFO 49860 --- [ESTsoft-spring-project] [    Test worker] o.s.t.web.servlet.TestDispatcherServlet  : Initializing Servlet ''
2024-10-15T15:39:46.875+09:00  INFO 49860 --- [ESTsoft-spring-project] [    Test worker] o.s.t.web.servlet.TestDispatcherServlet  : Completed initialization in 1 ms
2024-10-15T15:39:47.048+09:00  WARN 49860 --- [ESTsoft-spring-project] [    Test worker] c.e.e.blog.coltroller.BlogController     : 제목, 내용
2024-10-15T15:39:47.049+09:00  WARN 49860 --- [ESTsoft-spring-project] [    Test worker] c.e.e.blog.service.BlogService           : 반드시 서버에서 확인해야 하는 값 : 1
2024-10-15T15:39:47.049+09:00  WARN 49860 --- [ESTsoft-spring-project] [    Test worker] c.e.e.blog.service.BlogService           : 제목, 내용 service
Hibernate: 
    insert 
    into
        article
        (content, title, id) 
    values
        (?, ?, default)
Hibernate: 
    select
        a1_0.id,
        a1_0.content,
        a1_0.title 
    from
        article a1_0
]]></system-out>
  <system-err><![CDATA[]]></system-err>
</testsuite>
