<?xml version="1.0" encoding="UTF-8"?>
<testsuite name="com.estsoft.estsoftspringproject.JUnitTest" tests="1" skipped="0" failures="0" errors="0" timestamp="2024-10-15T08:40:37" hostname="HSH-DESKTOP" time="0.052">
  <properties/>
  <testcase name="1 + 2는 3이다" classname="com.estsoft.estsoftspringproject.JUnitTest" time="0.052"/>
  <system-out><![CDATA[]]></system-out>
  <system-err><![CDATA[]]></system-err>
</testsuite>
