<?xml version="1.0" encoding="UTF-8"?>
<testsuite name="com.estsoft.estsoftspringproject.EsTsoftSpringProjectApplicationTests" tests="1" skipped="0" failures="0" errors="0" timestamp="2024-10-15T06:39:45" hostname="HSH-DESKTOP" time="0.521">
  <properties/>
  <testcase name="contextLoads()" classname="com.estsoft.estsoftspringproject.EsTsoftSpringProjectApplicationTests" time="0.521"/>
  <system-out><![CDATA[15:39:41.713 [Test worker] INFO org.springframework.test.context.support.AnnotationConfigContextLoaderUtils -- Could not detect default configuration classes for test class [com.estsoft.estsoftspringproject.EsTsoftSpringProjectApplicationTests]: EsTsoftSpringProjectApplicationTests does not declare any static, non-private, non-final, nested classes annotated with @Configuration.
15:39:41.816 [Test worker] INFO org.springframework.boot.test.context.SpringBootTestContextBootstrapper -- Found @SpringBootConfiguration com.estsoft.estsoftspringproject.EsTsoftSpringProjectApplication for test class com.estsoft.estsoftspringproject.EsTsoftSpringProjectApplicationTests

  .   ____          _            __ _ _
 /\\ / ___'_ __ _ _(_)_ __  __ _ \ \ \ \
( ( )\___ | '_ | '_| | '_ \/ _` | \ \ \ \
 \\/  ___)| |_)| | | | | || (_| |  ) ) ) )
  '  |____| .__|_| |_|_| |_\__, | / / / /
 =========|_|==============|___/=/_/_/_/
 :: Spring Boot ::               (v3.2.10)

2024-10-15T15:39:42.202+09:00  INFO 49860 --- [ESTsoft-spring-project] [    Test worker] e.e.EsTsoftSpringProjectApplicationTests : Starting EsTsoftSpringProjectApplicationTests using Java 17.0.12 with PID 49860 (started by HSH in D:\ESTsoft\ESTsoft-spring-project)
2024-10-15T15:39:42.204+09:00  INFO 49860 --- [ESTsoft-spring-project] [    Test worker] e.e.EsTsoftSpringProjectApplicationTests : No active profile set, falling back to 1 default profile: "default"
2024-10-15T15:39:42.808+09:00  INFO 49860 --- [ESTsoft-spring-project] [    Test worker] .s.d.r.c.RepositoryConfigurationDelegate : Bootstrapping Spring Data JPA repositories in DEFAULT mode.
2024-10-15T15:39:42.878+09:00  INFO 49860 --- [ESTsoft-spring-project] [    Test worker] .s.d.r.c.RepositoryConfigurationDelegate : Finished Spring Data repository scanning in 61 ms. Found 2 JPA repository interfaces.
2024-10-15T15:39:43.257+09:00  INFO 49860 --- [ESTsoft-spring-project] [    Test worker] com.zaxxer.hikari.HikariDataSource       : HikariPool-1 - Starting...
2024-10-15T15:39:43.452+09:00  INFO 49860 --- [ESTsoft-spring-project] [    Test worker] com.zaxxer.hikari.pool.HikariPool        : HikariPool-1 - Added connection conn0: url=jdbc:h2:mem:testdb user=SA
2024-10-15T15:39:43.454+09:00  INFO 49860 --- [ESTsoft-spring-project] [    Test worker] com.zaxxer.hikari.HikariDataSource       : HikariPool-1 - Start completed.
2024-10-15T15:39:43.501+09:00  INFO 49860 --- [ESTsoft-spring-project] [    Test worker] o.hibernate.jpa.internal.util.LogHelper  : HHH000204: Processing PersistenceUnitInfo [name: default]
2024-10-15T15:39:43.580+09:00  INFO 49860 --- [ESTsoft-spring-project] [    Test worker] org.hibernate.Version                    : HHH000412: Hibernate ORM core version 6.4.10.Final
2024-10-15T15:39:43.621+09:00  INFO 49860 --- [ESTsoft-spring-project] [    Test worker] o.h.c.internal.RegionFactoryInitiator    : HHH000026: Second-level cache disabled
2024-10-15T15:39:43.875+09:00  INFO 49860 --- [ESTsoft-spring-project] [    Test worker] o.s.o.j.p.SpringPersistenceUnitInfo      : No LoadTimeWeaver setup: ignoring JPA class transformer
2024-10-15T15:39:44.743+09:00  INFO 49860 --- [ESTsoft-spring-project] [    Test worker] o.h.e.t.j.p.i.JtaPlatformInitiator       : HHH000489: No JTA platform available (set 'hibernate.transaction.jta.platform' to enable JTA platform integration)
Hibernate: 
    drop table if exists article cascade 
Hibernate: 
    drop table if exists member cascade 
Hibernate: 
    create table article (
        id bigint generated by default as identity,
        content varchar(255) not null,
        title varchar(255) not null,
        primary key (id)
    )
Hibernate: 
    create table member (
        id bigint generated by default as identity,
        name varchar(255) not null,
        primary key (id)
    )
2024-10-15T15:39:44.788+09:00  INFO 49860 --- [ESTsoft-spring-project] [    Test worker] j.LocalContainerEntityManagerFactoryBean : Initialized JPA EntityManagerFactory for persistence unit 'default'
2024-10-15T15:39:45.175+09:00  WARN 49860 --- [ESTsoft-spring-project] [    Test worker] JpaBaseConfiguration$JpaWebConfiguration : spring.jpa.open-in-view is enabled by default. Therefore, database queries may be performed during view rendering. Explicitly configure spring.jpa.open-in-view to disable this warning
2024-10-15T15:39:45.585+09:00  INFO 49860 --- [ESTsoft-spring-project] [    Test worker] o.s.b.a.h2.H2ConsoleAutoConfiguration    : H2 console available at '/h2-console'. Database available at 'jdbc:h2:mem:testdb'
2024-10-15T15:39:45.673+09:00  INFO 49860 --- [ESTsoft-spring-project] [    Test worker] e.e.EsTsoftSpringProjectApplicationTests : Started EsTsoftSpringProjectApplicationTests in 3.698 seconds (process running for 4.796)
]]></system-out>
  <system-err><![CDATA[]]></system-err>
</testsuite>
